2016-07-11 16:50:47,518 INFO {u'time': u'0.002', u'sql': u'SELECT "authtoken_token"."key", "authtoken_token"."user_id", "authtoken_token"."created", "users"."id", "users"."password", "users"."last_login", "users"."email", "users"."full_name", "users"."is_active", "users"."is_verify", "users"."is_searchable", "users"."created", "users"."modified" FROM "authtoken_token" INNER JOIN "users" ON ("authtoken_token"."user_id" = "users"."id") WHERE "authtoken_token"."key" = \'ede2c8af4ebfb641cf5593e0ad631cfa4e8a4a5c\''}
2016-07-11 16:50:47,518 INFO {u'time': u'0.001', u'sql': u'SELECT COUNT(*) AS "__count" FROM "posts"'}
2016-07-11 16:50:47,518 INFO {u'time': u'0.000', u'sql': u'SELECT "posts"."id", "posts"."title", "posts"."text", "posts"."created", "posts"."modified", "posts"."user_id" FROM "posts" LIMIT 50'}
2016-07-11 16:50:47,518 INFO {u'time': u'0.000', u'sql': u'SELECT "users"."id", "users"."password", "users"."last_login", "users"."email", "users"."full_name", "users"."is_active", "users"."is_verify", "users"."is_searchable", "users"."created", "users"."modified" FROM "users" WHERE "users"."id" = 1'}
2016-07-11 16:50:47,518 INFO {u'time': u'0.000', u'sql': u'SELECT "users"."id", "users"."password", "users"."last_login", "users"."email", "users"."full_name", "users"."is_active", "users"."is_verify", "users"."is_searchable", "users"."created", "users"."modified" FROM "users" WHERE "users"."id" = 1'}
2016-07-11 16:50:47,518 INFO {u'time': u'0.000', u'sql': u'SELECT "users"."id", "users"."password", "users"."last_login", "users"."email", "users"."full_name", "users"."is_active", "users"."is_verify", "users"."is_searchable", "users"."created", "users"."modified" FROM "users" WHERE "users"."id" = 1'}
2016-07-11 16:50:47,518 INFO {u'time': u'0.000', u'sql': u'SELECT "users"."id", "users"."password", "users"."last_login", "users"."email", "users"."full_name", "users"."is_active", "users"."is_verify", "users"."is_searchable", "users"."created", "users"."modified" FROM "users" WHERE "users"."id" = 1'}
2016-07-11 16:50:47,518 INFO {u'time': u'0.000', u'sql': u'SELECT "users"."id", "users"."password", "users"."last_login", "users"."email", "users"."full_name", "users"."is_active", "users"."is_verify", "users"."is_searchable", "users"."created", "users"."modified" FROM "users" WHERE "users"."id" = 1'}
2016-07-11 16:50:47,518 INFO {u'time': u'0.000', u'sql': u'SELECT "users"."id", "users"."password", "users"."last_login", "users"."email", "users"."full_name", "users"."is_active", "users"."is_verify", "users"."is_searchable", "users"."created", "users"."modified" FROM "users" WHERE "users"."id" = 1'}
2016-07-11 16:50:47,518 INFO {u'time': u'0.000', u'sql': u'SELECT "users"."id", "users"."password", "users"."last_login", "users"."email", "users"."full_name", "users"."is_active", "users"."is_verify", "users"."is_searchable", "users"."created", "users"."modified" FROM "users" WHERE "users"."id" = 1'}
2016-07-11 16:50:47,518 INFO {u'time': u'0.000', u'sql': u'SELECT "users"."id", "users"."password", "users"."last_login", "users"."email", "users"."full_name", "users"."is_active", "users"."is_verify", "users"."is_searchable", "users"."created", "users"."modified" FROM "users" WHERE "users"."id" = 1'}
2016-07-11 16:50:47,518 INFO {u'time': u'0.000', u'sql': u'SELECT "users"."id", "users"."password", "users"."last_login", "users"."email", "users"."full_name", "users"."is_active", "users"."is_verify", "users"."is_searchable", "users"."created", "users"."modified" FROM "users" WHERE "users"."id" = 1'}
2016-07-11 16:50:47,519 INFO {u'time': u'0.000', u'sql': u'SELECT "users"."id", "users"."password", "users"."last_login", "users"."email", "users"."full_name", "users"."is_active", "users"."is_verify", "users"."is_searchable", "users"."created", "users"."modified" FROM "users" WHERE "users"."id" = 1'}
2016-07-11 16:50:47,519 INFO {u'time': u'0.000', u'sql': u'SELECT "users"."id", "users"."password", "users"."last_login", "users"."email", "users"."full_name", "users"."is_active", "users"."is_verify", "users"."is_searchable", "users"."created", "users"."modified" FROM "users" WHERE "users"."id" = 1'}
2016-07-11 16:50:47,519 INFO {u'time': u'0.000', u'sql': u'SELECT "users"."id", "users"."password", "users"."last_login", "users"."email", "users"."full_name", "users"."is_active", "users"."is_verify", "users"."is_searchable", "users"."created", "users"."modified" FROM "users" WHERE "users"."id" = 1'}
2016-07-11 16:50:47,519 INFO {u'time': u'0.000', u'sql': u'SELECT "users"."id", "users"."password", "users"."last_login", "users"."email", "users"."full_name", "users"."is_active", "users"."is_verify", "users"."is_searchable", "users"."created", "users"."modified" FROM "users" WHERE "users"."id" = 1'}
2016-07-11 16:50:47,519 INFO {u'time': u'0.000', u'sql': u'SELECT "users"."id", "users"."password", "users"."last_login", "users"."email", "users"."full_name", "users"."is_active", "users"."is_verify", "users"."is_searchable", "users"."created", "users"."modified" FROM "users" WHERE "users"."id" = 1'}
2016-07-11 16:50:47,519 INFO {u'time': u'0.000', u'sql': u'SELECT "users"."id", "users"."password", "users"."last_login", "users"."email", "users"."full_name", "users"."is_active", "users"."is_verify", "users"."is_searchable", "users"."created", "users"."modified" FROM "users" WHERE "users"."id" = 1'}
2016-07-11 16:50:47,519 INFO {u'time': u'0.000', u'sql': u'SELECT "users"."id", "users"."password", "users"."last_login", "users"."email", "users"."full_name", "users"."is_active", "users"."is_verify", "users"."is_searchable", "users"."created", "users"."modified" FROM "users" WHERE "users"."id" = 2'}
2016-07-11 16:50:47,519 INFO {u'time': u'0.000', u'sql': u'SELECT "users"."id", "users"."password", "users"."last_login", "users"."email", "users"."full_name", "users"."is_active", "users"."is_verify", "users"."is_searchable", "users"."created", "users"."modified" FROM "users" WHERE "users"."id" = 2'}
2016-07-11 16:50:47,519 INFO {u'time': u'0.000', u'sql': u'SELECT "users"."id", "users"."password", "users"."last_login", "users"."email", "users"."full_name", "users"."is_active", "users"."is_verify", "users"."is_searchable", "users"."created", "users"."modified" FROM "users" WHERE "users"."id" = 2'}
2016-07-11 16:50:47,519 INFO {u'time': u'0.000', u'sql': u'SELECT "users"."id", "users"."password", "users"."last_login", "users"."email", "users"."full_name", "users"."is_active", "users"."is_verify", "users"."is_searchable", "users"."created", "users"."modified" FROM "users" WHERE "users"."id" = 2'}
2016-07-11 16:50:47,519 INFO {u'time': u'0.000', u'sql': u'SELECT "users"."id", "users"."password", "users"."last_login", "users"."email", "users"."full_name", "users"."is_active", "users"."is_verify", "users"."is_searchable", "users"."created", "users"."modified" FROM "users" WHERE "users"."id" = 2'}
2016-07-11 16:50:47,519 INFO {u'time': u'0.000', u'sql': u'SELECT "users"."id", "users"."password", "users"."last_login", "users"."email", "users"."full_name", "users"."is_active", "users"."is_verify", "users"."is_searchable", "users"."created", "users"."modified" FROM "users" WHERE "users"."id" = 2'}
2016-07-11 16:50:47,519 INFO {u'time': u'0.000', u'sql': u'SELECT "users"."id", "users"."password", "users"."last_login", "users"."email", "users"."full_name", "users"."is_active", "users"."is_verify", "users"."is_searchable", "users"."created", "users"."modified" FROM "users" WHERE "users"."id" = 2'}
2016-07-11 16:50:47,519 INFO {u'time': u'0.000', u'sql': u'SELECT "users"."id", "users"."password", "users"."last_login", "users"."email", "users"."full_name", "users"."is_active", "users"."is_verify", "users"."is_searchable", "users"."created", "users"."modified" FROM "users" WHERE "users"."id" = 2'}
2016-07-11 16:50:47,520 INFO {u'time': u'0.000', u'sql': u'SELECT "users"."id", "users"."password", "users"."last_login", "users"."email", "users"."full_name", "users"."is_active", "users"."is_verify", "users"."is_searchable", "users"."created", "users"."modified" FROM "users" WHERE "users"."id" = 2'}
2016-07-11 16:50:47,520 INFO {u'time': u'0.000', u'sql': u'SELECT "users"."id", "users"."password", "users"."last_login", "users"."email", "users"."full_name", "users"."is_active", "users"."is_verify", "users"."is_searchable", "users"."created", "users"."modified" FROM "users" WHERE "users"."id" = 2'}
2016-07-11 16:50:47,520 INFO {u'time': u'0.000', u'sql': u'SELECT "users"."id", "users"."password", "users"."last_login", "users"."email", "users"."full_name", "users"."is_active", "users"."is_verify", "users"."is_searchable", "users"."created", "users"."modified" FROM "users" WHERE "users"."id" = 2'}
2016-07-11 16:50:47,520 INFO {u'time': u'0.000', u'sql': u'SELECT "users"."id", "users"."password", "users"."last_login", "users"."email", "users"."full_name", "users"."is_active", "users"."is_verify", "users"."is_searchable", "users"."created", "users"."modified" FROM "users" WHERE "users"."id" = 2'}
2016-07-11 16:50:47,520 INFO {u'time': u'0.000', u'sql': u'SELECT "users"."id", "users"."password", "users"."last_login", "users"."email", "users"."full_name", "users"."is_active", "users"."is_verify", "users"."is_searchable", "users"."created", "users"."modified" FROM "users" WHERE "users"."id" = 2'}
2016-07-11 16:50:47,520 INFO {u'time': u'0.000', u'sql': u'SELECT "users"."id", "users"."password", "users"."last_login", "users"."email", "users"."full_name", "users"."is_active", "users"."is_verify", "users"."is_searchable", "users"."created", "users"."modified" FROM "users" WHERE "users"."id" = 2'}
2016-07-11 16:50:47,520 INFO {u'time': u'0.000', u'sql': u'SELECT "users"."id", "users"."password", "users"."last_login", "users"."email", "users"."full_name", "users"."is_active", "users"."is_verify", "users"."is_searchable", "users"."created", "users"."modified" FROM "users" WHERE "users"."id" = 2'}
2016-07-11 16:50:47,520 INFO {u'time': u'0.000', u'sql': u'SELECT "users"."id", "users"."password", "users"."last_login", "users"."email", "users"."full_name", "users"."is_active", "users"."is_verify", "users"."is_searchable", "users"."created", "users"."modified" FROM "users" WHERE "users"."id" = 3'}
2016-07-11 16:50:47,520 INFO {u'time': u'0.000', u'sql': u'SELECT "users"."id", "users"."password", "users"."last_login", "users"."email", "users"."full_name", "users"."is_active", "users"."is_verify", "users"."is_searchable", "users"."created", "users"."modified" FROM "users" WHERE "users"."id" = 3'}
2016-07-11 16:50:47,520 INFO {u'time': u'0.000', u'sql': u'SELECT "users"."id", "users"."password", "users"."last_login", "users"."email", "users"."full_name", "users"."is_active", "users"."is_verify", "users"."is_searchable", "users"."created", "users"."modified" FROM "users" WHERE "users"."id" = 3'}
2016-07-11 16:50:47,520 INFO {u'time': u'0.000', u'sql': u'SELECT "users"."id", "users"."password", "users"."last_login", "users"."email", "users"."full_name", "users"."is_active", "users"."is_verify", "users"."is_searchable", "users"."created", "users"."modified" FROM "users" WHERE "users"."id" = 3'}
2016-07-11 16:50:47,520 INFO {u'time': u'0.000', u'sql': u'SELECT "users"."id", "users"."password", "users"."last_login", "users"."email", "users"."full_name", "users"."is_active", "users"."is_verify", "users"."is_searchable", "users"."created", "users"."modified" FROM "users" WHERE "users"."id" = 3'}
2016-07-11 16:50:47,520 INFO {u'time': u'0.000', u'sql': u'SELECT "users"."id", "users"."password", "users"."last_login", "users"."email", "users"."full_name", "users"."is_active", "users"."is_verify", "users"."is_searchable", "users"."created", "users"."modified" FROM "users" WHERE "users"."id" = 3'}
2016-07-11 16:50:47,520 INFO {u'time': u'0.000', u'sql': u'SELECT "users"."id", "users"."password", "users"."last_login", "users"."email", "users"."full_name", "users"."is_active", "users"."is_verify", "users"."is_searchable", "users"."created", "users"."modified" FROM "users" WHERE "users"."id" = 3'}
2016-07-11 16:50:47,520 INFO {u'time': u'0.000', u'sql': u'SELECT "users"."id", "users"."password", "users"."last_login", "users"."email", "users"."full_name", "users"."is_active", "users"."is_verify", "users"."is_searchable", "users"."created", "users"."modified" FROM "users" WHERE "users"."id" = 3'}
2016-07-11 16:50:47,521 INFO {u'time': u'0.000', u'sql': u'SELECT "users"."id", "users"."password", "users"."last_login", "users"."email", "users"."full_name", "users"."is_active", "users"."is_verify", "users"."is_searchable", "users"."created", "users"."modified" FROM "users" WHERE "users"."id" = 3'}
2016-07-11 16:50:47,521 INFO {u'time': u'0.000', u'sql': u'SELECT "users"."id", "users"."password", "users"."last_login", "users"."email", "users"."full_name", "users"."is_active", "users"."is_verify", "users"."is_searchable", "users"."created", "users"."modified" FROM "users" WHERE "users"."id" = 3'}
2016-07-11 16:50:47,521 INFO {u'time': u'0.000', u'sql': u'SELECT "users"."id", "users"."password", "users"."last_login", "users"."email", "users"."full_name", "users"."is_active", "users"."is_verify", "users"."is_searchable", "users"."created", "users"."modified" FROM "users" WHERE "users"."id" = 3'}
2016-07-11 16:50:47,521 INFO {u'time': u'0.000', u'sql': u'SELECT "users"."id", "users"."password", "users"."last_login", "users"."email", "users"."full_name", "users"."is_active", "users"."is_verify", "users"."is_searchable", "users"."created", "users"."modified" FROM "users" WHERE "users"."id" = 3'}
2016-07-11 16:50:47,521 INFO {u'time': u'0.000', u'sql': u'SELECT "users"."id", "users"."password", "users"."last_login", "users"."email", "users"."full_name", "users"."is_active", "users"."is_verify", "users"."is_searchable", "users"."created", "users"."modified" FROM "users" WHERE "users"."id" = 3'}
2016-07-11 16:50:47,521 INFO {u'time': u'0.000', u'sql': u'SELECT "users"."id", "users"."password", "users"."last_login", "users"."email", "users"."full_name", "users"."is_active", "users"."is_verify", "users"."is_searchable", "users"."created", "users"."modified" FROM "users" WHERE "users"."id" = 3'}
2016-07-11 16:50:47,521 INFO {u'time': u'0.000', u'sql': u'SELECT "users"."id", "users"."password", "users"."last_login", "users"."email", "users"."full_name", "users"."is_active", "users"."is_verify", "users"."is_searchable", "users"."created", "users"."modified" FROM "users" WHERE "users"."id" = 3'}
2016-07-11 16:50:47,521 INFO {u'time': u'0.000', u'sql': u'SELECT "users"."id", "users"."password", "users"."last_login", "users"."email", "users"."full_name", "users"."is_active", "users"."is_verify", "users"."is_searchable", "users"."created", "users"."modified" FROM "users" WHERE "users"."id" = 4'}
2016-07-11 16:50:47,521 INFO {u'time': u'0.000', u'sql': u'SELECT "users"."id", "users"."password", "users"."last_login", "users"."email", "users"."full_name", "users"."is_active", "users"."is_verify", "users"."is_searchable", "users"."created", "users"."modified" FROM "users" WHERE "users"."id" = 4'}
2016-07-11 16:50:47,521 INFO {u'time': u'0.000', u'sql': u'SELECT "users"."id", "users"."password", "users"."last_login", "users"."email", "users"."full_name", "users"."is_active", "users"."is_verify", "users"."is_searchable", "users"."created", "users"."modified" FROM "users" WHERE "users"."id" = 4'}
2016-07-11 16:50:47,521 INFO {u'time': u'0.000', u'sql': u'SELECT "users"."id", "users"."password", "users"."last_login", "users"."email", "users"."full_name", "users"."is_active", "users"."is_verify", "users"."is_searchable", "users"."created", "users"."modified" FROM "users" WHERE "users"."id" = 4'}
2016-07-11 16:50:47,521 INFO {u'time': u'0.000', u'sql': u'SELECT "users"."id", "users"."password", "users"."last_login", "users"."email", "users"."full_name", "users"."is_active", "users"."is_verify", "users"."is_searchable", "users"."created", "users"."modified" FROM "users" WHERE "users"."id" = 4'}
2016-07-11 16:50:47,521 INFO {'count': 53, 'time': 0.003}
2016-07-11 17:04:24,466 INFO {u'time': u'0.002', u'sql': u'SELECT "authtoken_token"."key", "authtoken_token"."user_id", "authtoken_token"."created", "users"."id", "users"."password", "users"."last_login", "users"."email", "users"."full_name", "users"."is_active", "users"."is_verify", "users"."is_searchable", "users"."created", "users"."modified" FROM "authtoken_token" INNER JOIN "users" ON ("authtoken_token"."user_id" = "users"."id") WHERE "authtoken_token"."key" = \'ede2c8af4ebfb641cf5593e0ad631cfa4e8a4a5c\''}
2016-07-11 17:04:24,466 INFO {u'time': u'0.001', u'sql': u'SELECT COUNT(*) AS "__count" FROM "posts"'}
2016-07-11 17:04:24,466 INFO {u'time': u'0.001', u'sql': u'SELECT "posts"."id", "posts"."title", "posts"."text", "posts"."created", "posts"."modified", "posts"."user_id" FROM "posts" LIMIT 50'}
2016-07-11 17:04:24,466 INFO {u'time': u'0.000', u'sql': u'SELECT "users"."id", "users"."password", "users"."last_login", "users"."email", "users"."full_name", "users"."is_active", "users"."is_verify", "users"."is_searchable", "users"."created", "users"."modified" FROM "users" WHERE "users"."id" = 1'}
2016-07-11 17:04:24,466 INFO {u'time': u'0.002', u'sql': u'SELECT (1) AS "a" FROM "comments" WHERE "comments"."post_id" = 1 LIMIT 1'}
2016-07-11 17:04:24,466 INFO {u'time': u'0.000', u'sql': u'SELECT "comments"."id", "comments"."c_text", "comments"."post_id", "comments"."user_id", "comments"."created", "comments"."modified" FROM "comments" WHERE "comments"."post_id" = 1 LIMIT 1'}
2016-07-11 17:04:24,467 INFO {u'time': u'0.000', u'sql': u'SELECT "users"."id", "users"."password", "users"."last_login", "users"."email", "users"."full_name", "users"."is_active", "users"."is_verify", "users"."is_searchable", "users"."created", "users"."modified" FROM "users" WHERE "users"."id" = 1'}
2016-07-11 17:04:24,467 INFO {u'time': u'0.000', u'sql': u'SELECT (1) AS "a" FROM "comments" WHERE "comments"."post_id" = 2 LIMIT 1'}
2016-07-11 17:04:24,467 INFO {u'time': u'0.000', u'sql': u'SELECT "comments"."id", "comments"."c_text", "comments"."post_id", "comments"."user_id", "comments"."created", "comments"."modified" FROM "comments" WHERE "comments"."post_id" = 2 LIMIT 1'}
2016-07-11 17:04:24,467 INFO {u'time': u'0.000', u'sql': u'SELECT "users"."id", "users"."password", "users"."last_login", "users"."email", "users"."full_name", "users"."is_active", "users"."is_verify", "users"."is_searchable", "users"."created", "users"."modified" FROM "users" WHERE "users"."id" = 1'}
2016-07-11 17:04:24,467 INFO {u'time': u'0.000', u'sql': u'SELECT (1) AS "a" FROM "comments" WHERE "comments"."post_id" = 3 LIMIT 1'}
2016-07-11 17:04:24,467 INFO {u'time': u'0.000', u'sql': u'SELECT "comments"."id", "comments"."c_text", "comments"."post_id", "comments"."user_id", "comments"."created", "comments"."modified" FROM "comments" WHERE "comments"."post_id" = 3 LIMIT 1'}
2016-07-11 17:04:24,467 INFO {u'time': u'0.000', u'sql': u'SELECT "users"."id", "users"."password", "users"."last_login", "users"."email", "users"."full_name", "users"."is_active", "users"."is_verify", "users"."is_searchable", "users"."created", "users"."modified" FROM "users" WHERE "users"."id" = 1'}
2016-07-11 17:04:24,467 INFO {u'time': u'0.000', u'sql': u'SELECT (1) AS "a" FROM "comments" WHERE "comments"."post_id" = 4 LIMIT 1'}
2016-07-11 17:04:24,467 INFO {u'time': u'0.000', u'sql': u'SELECT "comments"."id", "comments"."c_text", "comments"."post_id", "comments"."user_id", "comments"."created", "comments"."modified" FROM "comments" WHERE "comments"."post_id" = 4 LIMIT 1'}
2016-07-11 17:04:24,467 INFO {u'time': u'0.000', u'sql': u'SELECT "users"."id", "users"."password", "users"."last_login", "users"."email", "users"."full_name", "users"."is_active", "users"."is_verify", "users"."is_searchable", "users"."created", "users"."modified" FROM "users" WHERE "users"."id" = 1'}
2016-07-11 17:04:24,467 INFO {u'time': u'0.000', u'sql': u'SELECT (1) AS "a" FROM "comments" WHERE "comments"."post_id" = 5 LIMIT 1'}
2016-07-11 17:04:24,467 INFO {u'time': u'0.000', u'sql': u'SELECT "comments"."id", "comments"."c_text", "comments"."post_id", "comments"."user_id", "comments"."created", "comments"."modified" FROM "comments" WHERE "comments"."post_id" = 5 LIMIT 1'}
2016-07-11 17:04:24,467 INFO {u'time': u'0.000', u'sql': u'SELECT "users"."id", "users"."password", "users"."last_login", "users"."email", "users"."full_name", "users"."is_active", "users"."is_verify", "users"."is_searchable", "users"."created", "users"."modified" FROM "users" WHERE "users"."id" = 1'}
2016-07-11 17:04:24,467 INFO {u'time': u'0.000', u'sql': u'SELECT (1) AS "a" FROM "comments" WHERE "comments"."post_id" = 6 LIMIT 1'}
2016-07-11 17:04:24,467 INFO {u'time': u'0.000', u'sql': u'SELECT "comments"."id", "comments"."c_text", "comments"."post_id", "comments"."user_id", "comments"."created", "comments"."modified" FROM "comments" WHERE "comments"."post_id" = 6 LIMIT 1'}
2016-07-11 17:04:24,467 INFO {u'time': u'0.000', u'sql': u'SELECT "users"."id", "users"."password", "users"."last_login", "users"."email", "users"."full_name", "users"."is_active", "users"."is_verify", "users"."is_searchable", "users"."created", "users"."modified" FROM "users" WHERE "users"."id" = 1'}
2016-07-11 17:04:24,467 INFO {u'time': u'0.000', u'sql': u'SELECT (1) AS "a" FROM "comments" WHERE "comments"."post_id" = 7 LIMIT 1'}
2016-07-11 17:04:24,467 INFO {u'time': u'0.000', u'sql': u'SELECT "comments"."id", "comments"."c_text", "comments"."post_id", "comments"."user_id", "comments"."created", "comments"."modified" FROM "comments" WHERE "comments"."post_id" = 7 LIMIT 1'}
2016-07-11 17:04:24,467 INFO {u'time': u'0.000', u'sql': u'SELECT "users"."id", "users"."password", "users"."last_login", "users"."email", "users"."full_name", "users"."is_active", "users"."is_verify", "users"."is_searchable", "users"."created", "users"."modified" FROM "users" WHERE "users"."id" = 1'}
2016-07-11 17:04:24,467 INFO {u'time': u'0.000', u'sql': u'SELECT (1) AS "a" FROM "comments" WHERE "comments"."post_id" = 8 LIMIT 1'}
2016-07-11 17:04:24,468 INFO {u'time': u'0.000', u'sql': u'SELECT "comments"."id", "comments"."c_text", "comments"."post_id", "comments"."user_id", "comments"."created", "comments"."modified" FROM "comments" WHERE "comments"."post_id" = 8 LIMIT 1'}
2016-07-11 17:04:24,468 INFO {u'time': u'0.000', u'sql': u'SELECT "users"."id", "users"."password", "users"."last_login", "users"."email", "users"."full_name", "users"."is_active", "users"."is_verify", "users"."is_searchable", "users"."created", "users"."modified" FROM "users" WHERE "users"."id" = 1'}
2016-07-11 17:04:24,468 INFO {u'time': u'0.000', u'sql': u'SELECT (1) AS "a" FROM "comments" WHERE "comments"."post_id" = 9 LIMIT 1'}
2016-07-11 17:04:24,468 INFO {u'time': u'0.000', u'sql': u'SELECT "comments"."id", "comments"."c_text", "comments"."post_id", "comments"."user_id", "comments"."created", "comments"."modified" FROM "comments" WHERE "comments"."post_id" = 9 LIMIT 1'}
2016-07-11 17:04:24,468 INFO {u'time': u'0.000', u'sql': u'SELECT "users"."id", "users"."password", "users"."last_login", "users"."email", "users"."full_name", "users"."is_active", "users"."is_verify", "users"."is_searchable", "users"."created", "users"."modified" FROM "users" WHERE "users"."id" = 1'}
2016-07-11 17:04:24,468 INFO {u'time': u'0.000', u'sql': u'SELECT (1) AS "a" FROM "comments" WHERE "comments"."post_id" = 10 LIMIT 1'}
2016-07-11 17:04:24,468 INFO {u'time': u'0.000', u'sql': u'SELECT "comments"."id", "comments"."c_text", "comments"."post_id", "comments"."user_id", "comments"."created", "comments"."modified" FROM "comments" WHERE "comments"."post_id" = 10 LIMIT 1'}
2016-07-11 17:04:24,468 INFO {u'time': u'0.000', u'sql': u'SELECT "users"."id", "users"."password", "users"."last_login", "users"."email", "users"."full_name", "users"."is_active", "users"."is_verify", "users"."is_searchable", "users"."created", "users"."modified" FROM "users" WHERE "users"."id" = 1'}
2016-07-11 17:04:24,468 INFO {u'time': u'0.000', u'sql': u'SELECT (1) AS "a" FROM "comments" WHERE "comments"."post_id" = 11 LIMIT 1'}
2016-07-11 17:04:24,468 INFO {u'time': u'0.000', u'sql': u'SELECT "comments"."id", "comments"."c_text", "comments"."post_id", "comments"."user_id", "comments"."created", "comments"."modified" FROM "comments" WHERE "comments"."post_id" = 11 LIMIT 1'}
2016-07-11 17:04:24,468 INFO {u'time': u'0.000', u'sql': u'SELECT "users"."id", "users"."password", "users"."last_login", "users"."email", "users"."full_name", "users"."is_active", "users"."is_verify", "users"."is_searchable", "users"."created", "users"."modified" FROM "users" WHERE "users"."id" = 1'}
2016-07-11 17:04:24,468 INFO {u'time': u'0.000', u'sql': u'SELECT (1) AS "a" FROM "comments" WHERE "comments"."post_id" = 12 LIMIT 1'}
2016-07-11 17:04:24,468 INFO {u'time': u'0.000', u'sql': u'SELECT "comments"."id", "comments"."c_text", "comments"."post_id", "comments"."user_id", "comments"."created", "comments"."modified" FROM "comments" WHERE "comments"."post_id" = 12 LIMIT 1'}
2016-07-11 17:04:24,468 INFO {u'time': u'0.000', u'sql': u'SELECT "users"."id", "users"."password", "users"."last_login", "users"."email", "users"."full_name", "users"."is_active", "users"."is_verify", "users"."is_searchable", "users"."created", "users"."modified" FROM "users" WHERE "users"."id" = 1'}
2016-07-11 17:04:24,468 INFO {u'time': u'0.000', u'sql': u'SELECT (1) AS "a" FROM "comments" WHERE "comments"."post_id" = 13 LIMIT 1'}
2016-07-11 17:04:24,468 INFO {u'time': u'0.000', u'sql': u'SELECT "comments"."id", "comments"."c_text", "comments"."post_id", "comments"."user_id", "comments"."created", "comments"."modified" FROM "comments" WHERE "comments"."post_id" = 13 LIMIT 1'}
2016-07-11 17:04:24,468 INFO {u'time': u'0.000', u'sql': u'SELECT "users"."id", "users"."password", "users"."last_login", "users"."email", "users"."full_name", "users"."is_active", "users"."is_verify", "users"."is_searchable", "users"."created", "users"."modified" FROM "users" WHERE "users"."id" = 1'}
2016-07-11 17:04:24,468 INFO {u'time': u'0.000', u'sql': u'SELECT (1) AS "a" FROM "comments" WHERE "comments"."post_id" = 14 LIMIT 1'}
2016-07-11 17:04:24,468 INFO {u'time': u'0.000', u'sql': u'SELECT "comments"."id", "comments"."c_text", "comments"."post_id", "comments"."user_id", "comments"."created", "comments"."modified" FROM "comments" WHERE "comments"."post_id" = 14 LIMIT 1'}
2016-07-11 17:04:24,468 INFO {u'time': u'0.000', u'sql': u'SELECT "users"."id", "users"."password", "users"."last_login", "users"."email", "users"."full_name", "users"."is_active", "users"."is_verify", "users"."is_searchable", "users"."created", "users"."modified" FROM "users" WHERE "users"."id" = 1'}
2016-07-11 17:04:24,468 INFO {u'time': u'0.000', u'sql': u'SELECT (1) AS "a" FROM "comments" WHERE "comments"."post_id" = 15 LIMIT 1'}
2016-07-11 17:04:24,469 INFO {u'time': u'0.000', u'sql': u'SELECT "comments"."id", "comments"."c_text", "comments"."post_id", "comments"."user_id", "comments"."created", "comments"."modified" FROM "comments" WHERE "comments"."post_id" = 15 LIMIT 1'}
2016-07-11 17:04:24,469 INFO {u'time': u'0.000', u'sql': u'SELECT "users"."id", "users"."password", "users"."last_login", "users"."email", "users"."full_name", "users"."is_active", "users"."is_verify", "users"."is_searchable", "users"."created", "users"."modified" FROM "users" WHERE "users"."id" = 2'}
2016-07-11 17:04:24,469 INFO {u'time': u'0.000', u'sql': u'SELECT (1) AS "a" FROM "comments" WHERE "comments"."post_id" = 16 LIMIT 1'}
2016-07-11 17:04:24,469 INFO {u'time': u'0.000', u'sql': u'SELECT "comments"."id", "comments"."c_text", "comments"."post_id", "comments"."user_id", "comments"."created", "comments"."modified" FROM "comments" WHERE "comments"."post_id" = 16 LIMIT 1'}
2016-07-11 17:04:24,469 INFO {u'time': u'0.000', u'sql': u'SELECT "users"."id", "users"."password", "users"."last_login", "users"."email", "users"."full_name", "users"."is_active", "users"."is_verify", "users"."is_searchable", "users"."created", "users"."modified" FROM "users" WHERE "users"."id" = 2'}
2016-07-11 17:04:24,469 INFO {u'time': u'0.000', u'sql': u'SELECT (1) AS "a" FROM "comments" WHERE "comments"."post_id" = 17 LIMIT 1'}
2016-07-11 17:04:24,469 INFO {u'time': u'0.000', u'sql': u'SELECT "comments"."id", "comments"."c_text", "comments"."post_id", "comments"."user_id", "comments"."created", "comments"."modified" FROM "comments" WHERE "comments"."post_id" = 17 LIMIT 1'}
2016-07-11 17:04:24,469 INFO {u'time': u'0.000', u'sql': u'SELECT "users"."id", "users"."password", "users"."last_login", "users"."email", "users"."full_name", "users"."is_active", "users"."is_verify", "users"."is_searchable", "users"."created", "users"."modified" FROM "users" WHERE "users"."id" = 2'}
2016-07-11 17:04:24,469 INFO {u'time': u'0.000', u'sql': u'SELECT (1) AS "a" FROM "comments" WHERE "comments"."post_id" = 18 LIMIT 1'}
2016-07-11 17:04:24,469 INFO {u'time': u'0.000', u'sql': u'SELECT "comments"."id", "comments"."c_text", "comments"."post_id", "comments"."user_id", "comments"."created", "comments"."modified" FROM "comments" WHERE "comments"."post_id" = 18 LIMIT 1'}
2016-07-11 17:04:24,469 INFO {u'time': u'0.000', u'sql': u'SELECT "users"."id", "users"."password", "users"."last_login", "users"."email", "users"."full_name", "users"."is_active", "users"."is_verify", "users"."is_searchable", "users"."created", "users"."modified" FROM "users" WHERE "users"."id" = 2'}
2016-07-11 17:04:24,469 INFO {u'time': u'0.000', u'sql': u'SELECT (1) AS "a" FROM "comments" WHERE "comments"."post_id" = 19 LIMIT 1'}
2016-07-11 17:04:24,469 INFO {u'time': u'0.000', u'sql': u'SELECT "comments"."id", "comments"."c_text", "comments"."post_id", "comments"."user_id", "comments"."created", "comments"."modified" FROM "comments" WHERE "comments"."post_id" = 19 LIMIT 1'}
2016-07-11 17:04:24,469 INFO {u'time': u'0.000', u'sql': u'SELECT "users"."id", "users"."password", "users"."last_login", "users"."email", "users"."full_name", "users"."is_active", "users"."is_verify", "users"."is_searchable", "users"."created", "users"."modified" FROM "users" WHERE "users"."id" = 2'}
2016-07-11 17:04:24,469 INFO {u'time': u'0.000', u'sql': u'SELECT (1) AS "a" FROM "comments" WHERE "comments"."post_id" = 20 LIMIT 1'}
2016-07-11 17:04:24,469 INFO {u'time': u'0.000', u'sql': u'SELECT "comments"."id", "comments"."c_text", "comments"."post_id", "comments"."user_id", "comments"."created", "comments"."modified" FROM "comments" WHERE "comments"."post_id" = 20 LIMIT 1'}
2016-07-11 17:04:24,469 INFO {u'time': u'0.000', u'sql': u'SELECT "users"."id", "users"."password", "users"."last_login", "users"."email", "users"."full_name", "users"."is_active", "users"."is_verify", "users"."is_searchable", "users"."created", "users"."modified" FROM "users" WHERE "users"."id" = 2'}
2016-07-11 17:04:24,469 INFO {u'time': u'0.000', u'sql': u'SELECT (1) AS "a" FROM "comments" WHERE "comments"."post_id" = 21 LIMIT 1'}
2016-07-11 17:04:24,469 INFO {u'time': u'0.000', u'sql': u'SELECT "comments"."id", "comments"."c_text", "comments"."post_id", "comments"."user_id", "comments"."created", "comments"."modified" FROM "comments" WHERE "comments"."post_id" = 21 LIMIT 1'}
2016-07-11 17:04:24,469 INFO {u'time': u'0.000', u'sql': u'SELECT "users"."id", "users"."password", "users"."last_login", "users"."email", "users"."full_name", "users"."is_active", "users"."is_verify", "users"."is_searchable", "users"."created", "users"."modified" FROM "users" WHERE "users"."id" = 2'}
2016-07-11 17:04:24,469 INFO {u'time': u'0.000', u'sql': u'SELECT (1) AS "a" FROM "comments" WHERE "comments"."post_id" = 22 LIMIT 1'}
2016-07-11 17:04:24,469 INFO {u'time': u'0.000', u'sql': u'SELECT "comments"."id", "comments"."c_text", "comments"."post_id", "comments"."user_id", "comments"."created", "comments"."modified" FROM "comments" WHERE "comments"."post_id" = 22 LIMIT 1'}
2016-07-11 17:04:24,470 INFO {u'time': u'0.000', u'sql': u'SELECT "users"."id", "users"."password", "users"."last_login", "users"."email", "users"."full_name", "users"."is_active", "users"."is_verify", "users"."is_searchable", "users"."created", "users"."modified" FROM "users" WHERE "users"."id" = 2'}
2016-07-11 17:04:24,470 INFO {u'time': u'0.000', u'sql': u'SELECT (1) AS "a" FROM "comments" WHERE "comments"."post_id" = 23 LIMIT 1'}
2016-07-11 17:04:24,470 INFO {u'time': u'0.000', u'sql': u'SELECT "comments"."id", "comments"."c_text", "comments"."post_id", "comments"."user_id", "comments"."created", "comments"."modified" FROM "comments" WHERE "comments"."post_id" = 23 LIMIT 1'}
2016-07-11 17:04:24,470 INFO {u'time': u'0.000', u'sql': u'SELECT "users"."id", "users"."password", "users"."last_login", "users"."email", "users"."full_name", "users"."is_active", "users"."is_verify", "users"."is_searchable", "users"."created", "users"."modified" FROM "users" WHERE "users"."id" = 2'}
2016-07-11 17:04:24,470 INFO {u'time': u'0.000', u'sql': u'SELECT (1) AS "a" FROM "comments" WHERE "comments"."post_id" = 24 LIMIT 1'}
2016-07-11 17:04:24,470 INFO {u'time': u'0.000', u'sql': u'SELECT "comments"."id", "comments"."c_text", "comments"."post_id", "comments"."user_id", "comments"."created", "comments"."modified" FROM "comments" WHERE "comments"."post_id" = 24 LIMIT 1'}
2016-07-11 17:04:24,470 INFO {u'time': u'0.000', u'sql': u'SELECT "users"."id", "users"."password", "users"."last_login", "users"."email", "users"."full_name", "users"."is_active", "users"."is_verify", "users"."is_searchable", "users"."created", "users"."modified" FROM "users" WHERE "users"."id" = 2'}
2016-07-11 17:04:24,470 INFO {u'time': u'0.000', u'sql': u'SELECT (1) AS "a" FROM "comments" WHERE "comments"."post_id" = 25 LIMIT 1'}
2016-07-11 17:04:24,470 INFO {u'time': u'0.000', u'sql': u'SELECT "comments"."id", "comments"."c_text", "comments"."post_id", "comments"."user_id", "comments"."created", "comments"."modified" FROM "comments" WHERE "comments"."post_id" = 25 LIMIT 1'}
2016-07-11 17:04:24,470 INFO {u'time': u'0.002', u'sql': u'SELECT "users"."id", "users"."password", "users"."last_login", "users"."email", "users"."full_name", "users"."is_active", "users"."is_verify", "users"."is_searchable", "users"."created", "users"."modified" FROM "users" WHERE "users"."id" = 2'}
2016-07-11 17:04:24,470 INFO {u'time': u'0.000', u'sql': u'SELECT (1) AS "a" FROM "comments" WHERE "comments"."post_id" = 26 LIMIT 1'}
2016-07-11 17:04:24,470 INFO {u'time': u'0.000', u'sql': u'SELECT "comments"."id", "comments"."c_text", "comments"."post_id", "comments"."user_id", "comments"."created", "comments"."modified" FROM "comments" WHERE "comments"."post_id" = 26 LIMIT 1'}
2016-07-11 17:04:24,470 INFO {u'time': u'0.000', u'sql': u'SELECT "users"."id", "users"."password", "users"."last_login", "users"."email", "users"."full_name", "users"."is_active", "users"."is_verify", "users"."is_searchable", "users"."created", "users"."modified" FROM "users" WHERE "users"."id" = 2'}
2016-07-11 17:04:24,470 INFO {u'time': u'0.000', u'sql': u'SELECT (1) AS "a" FROM "comments" WHERE "comments"."post_id" = 27 LIMIT 1'}
2016-07-11 17:04:24,470 INFO {u'time': u'0.000', u'sql': u'SELECT "comments"."id", "comments"."c_text", "comments"."post_id", "comments"."user_id", "comments"."created", "comments"."modified" FROM "comments" WHERE "comments"."post_id" = 27 LIMIT 1'}
2016-07-11 17:04:24,470 INFO {u'time': u'0.000', u'sql': u'SELECT "users"."id", "users"."password", "users"."last_login", "users"."email", "users"."full_name", "users"."is_active", "users"."is_verify", "users"."is_searchable", "users"."created", "users"."modified" FROM "users" WHERE "users"."id" = 2'}
2016-07-11 17:04:24,470 INFO {u'time': u'0.000', u'sql': u'SELECT (1) AS "a" FROM "comments" WHERE "comments"."post_id" = 28 LIMIT 1'}
2016-07-11 17:04:24,470 INFO {u'time': u'0.000', u'sql': u'SELECT "comments"."id", "comments"."c_text", "comments"."post_id", "comments"."user_id", "comments"."created", "comments"."modified" FROM "comments" WHERE "comments"."post_id" = 28 LIMIT 1'}
2016-07-11 17:04:24,470 INFO {u'time': u'0.000', u'sql': u'SELECT "users"."id", "users"."password", "users"."last_login", "users"."email", "users"."full_name", "users"."is_active", "users"."is_verify", "users"."is_searchable", "users"."created", "users"."modified" FROM "users" WHERE "users"."id" = 2'}
2016-07-11 17:04:24,470 INFO {u'time': u'0.000', u'sql': u'SELECT (1) AS "a" FROM "comments" WHERE "comments"."post_id" = 29 LIMIT 1'}
2016-07-11 17:04:24,470 INFO {u'time': u'0.000', u'sql': u'SELECT "comments"."id", "comments"."c_text", "comments"."post_id", "comments"."user_id", "comments"."created", "comments"."modified" FROM "comments" WHERE "comments"."post_id" = 29 LIMIT 1'}
2016-07-11 17:04:24,470 INFO {u'time': u'0.000', u'sql': u'SELECT "users"."id", "users"."password", "users"."last_login", "users"."email", "users"."full_name", "users"."is_active", "users"."is_verify", "users"."is_searchable", "users"."created", "users"."modified" FROM "users" WHERE "users"."id" = 2'}
2016-07-11 17:04:24,471 INFO {u'time': u'0.000', u'sql': u'SELECT (1) AS "a" FROM "comments" WHERE "comments"."post_id" = 30 LIMIT 1'}
2016-07-11 17:04:24,471 INFO {u'time': u'0.000', u'sql': u'SELECT "comments"."id", "comments"."c_text", "comments"."post_id", "comments"."user_id", "comments"."created", "comments"."modified" FROM "comments" WHERE "comments"."post_id" = 30 LIMIT 1'}
2016-07-11 17:04:24,471 INFO {u'time': u'0.000', u'sql': u'SELECT "users"."id", "users"."password", "users"."last_login", "users"."email", "users"."full_name", "users"."is_active", "users"."is_verify", "users"."is_searchable", "users"."created", "users"."modified" FROM "users" WHERE "users"."id" = 3'}
2016-07-11 17:04:24,471 INFO {u'time': u'0.000', u'sql': u'SELECT (1) AS "a" FROM "comments" WHERE "comments"."post_id" = 31 LIMIT 1'}
2016-07-11 17:04:24,471 INFO {u'time': u'0.000', u'sql': u'SELECT "comments"."id", "comments"."c_text", "comments"."post_id", "comments"."user_id", "comments"."created", "comments"."modified" FROM "comments" WHERE "comments"."post_id" = 31 LIMIT 1'}
2016-07-11 17:04:24,471 INFO {u'time': u'0.000', u'sql': u'SELECT "users"."id", "users"."password", "users"."last_login", "users"."email", "users"."full_name", "users"."is_active", "users"."is_verify", "users"."is_searchable", "users"."created", "users"."modified" FROM "users" WHERE "users"."id" = 3'}
2016-07-11 17:04:24,471 INFO {u'time': u'0.000', u'sql': u'SELECT (1) AS "a" FROM "comments" WHERE "comments"."post_id" = 32 LIMIT 1'}
2016-07-11 17:04:24,471 INFO {u'time': u'0.000', u'sql': u'SELECT "comments"."id", "comments"."c_text", "comments"."post_id", "comments"."user_id", "comments"."created", "comments"."modified" FROM "comments" WHERE "comments"."post_id" = 32 LIMIT 1'}
2016-07-11 17:04:24,471 INFO {u'time': u'0.000', u'sql': u'SELECT "users"."id", "users"."password", "users"."last_login", "users"."email", "users"."full_name", "users"."is_active", "users"."is_verify", "users"."is_searchable", "users"."created", "users"."modified" FROM "users" WHERE "users"."id" = 3'}
2016-07-11 17:04:24,471 INFO {u'time': u'0.000', u'sql': u'SELECT (1) AS "a" FROM "comments" WHERE "comments"."post_id" = 33 LIMIT 1'}
2016-07-11 17:04:24,471 INFO {u'time': u'0.000', u'sql': u'SELECT "comments"."id", "comments"."c_text", "comments"."post_id", "comments"."user_id", "comments"."created", "comments"."modified" FROM "comments" WHERE "comments"."post_id" = 33 LIMIT 1'}
2016-07-11 17:04:24,471 INFO {u'time': u'0.000', u'sql': u'SELECT "users"."id", "users"."password", "users"."last_login", "users"."email", "users"."full_name", "users"."is_active", "users"."is_verify", "users"."is_searchable", "users"."created", "users"."modified" FROM "users" WHERE "users"."id" = 3'}
2016-07-11 17:04:24,471 INFO {u'time': u'0.000', u'sql': u'SELECT (1) AS "a" FROM "comments" WHERE "comments"."post_id" = 34 LIMIT 1'}
2016-07-11 17:04:24,471 INFO {u'time': u'0.000', u'sql': u'SELECT "comments"."id", "comments"."c_text", "comments"."post_id", "comments"."user_id", "comments"."created", "comments"."modified" FROM "comments" WHERE "comments"."post_id" = 34 LIMIT 1'}
2016-07-11 17:04:24,471 INFO {u'time': u'0.000', u'sql': u'SELECT "users"."id", "users"."password", "users"."last_login", "users"."email", "users"."full_name", "users"."is_active", "users"."is_verify", "users"."is_searchable", "users"."created", "users"."modified" FROM "users" WHERE "users"."id" = 3'}
2016-07-11 17:04:24,471 INFO {u'time': u'0.000', u'sql': u'SELECT (1) AS "a" FROM "comments" WHERE "comments"."post_id" = 35 LIMIT 1'}
2016-07-11 17:04:24,471 INFO {u'time': u'0.000', u'sql': u'SELECT "comments"."id", "comments"."c_text", "comments"."post_id", "comments"."user_id", "comments"."created", "comments"."modified" FROM "comments" WHERE "comments"."post_id" = 35 LIMIT 1'}
2016-07-11 17:04:24,471 INFO {u'time': u'0.000', u'sql': u'SELECT "users"."id", "users"."password", "users"."last_login", "users"."email", "users"."full_name", "users"."is_active", "users"."is_verify", "users"."is_searchable", "users"."created", "users"."modified" FROM "users" WHERE "users"."id" = 3'}
2016-07-11 17:04:24,471 INFO {u'time': u'0.000', u'sql': u'SELECT (1) AS "a" FROM "comments" WHERE "comments"."post_id" = 36 LIMIT 1'}
2016-07-11 17:04:24,471 INFO {u'time': u'0.000', u'sql': u'SELECT "comments"."id", "comments"."c_text", "comments"."post_id", "comments"."user_id", "comments"."created", "comments"."modified" FROM "comments" WHERE "comments"."post_id" = 36 LIMIT 1'}
2016-07-11 17:04:24,471 INFO {u'time': u'0.000', u'sql': u'SELECT "users"."id", "users"."password", "users"."last_login", "users"."email", "users"."full_name", "users"."is_active", "users"."is_verify", "users"."is_searchable", "users"."created", "users"."modified" FROM "users" WHERE "users"."id" = 3'}
2016-07-11 17:04:24,471 INFO {u'time': u'0.000', u'sql': u'SELECT (1) AS "a" FROM "comments" WHERE "comments"."post_id" = 37 LIMIT 1'}
2016-07-11 17:04:24,472 INFO {u'time': u'0.000', u'sql': u'SELECT "comments"."id", "comments"."c_text", "comments"."post_id", "comments"."user_id", "comments"."created", "comments"."modified" FROM "comments" WHERE "comments"."post_id" = 37 LIMIT 1'}
2016-07-11 17:04:24,472 INFO {u'time': u'0.000', u'sql': u'SELECT "users"."id", "users"."password", "users"."last_login", "users"."email", "users"."full_name", "users"."is_active", "users"."is_verify", "users"."is_searchable", "users"."created", "users"."modified" FROM "users" WHERE "users"."id" = 3'}
2016-07-11 17:04:24,472 INFO {u'time': u'0.000', u'sql': u'SELECT (1) AS "a" FROM "comments" WHERE "comments"."post_id" = 38 LIMIT 1'}
2016-07-11 17:04:24,472 INFO {u'time': u'0.000', u'sql': u'SELECT "comments"."id", "comments"."c_text", "comments"."post_id", "comments"."user_id", "comments"."created", "comments"."modified" FROM "comments" WHERE "comments"."post_id" = 38 LIMIT 1'}
2016-07-11 17:04:24,472 INFO {u'time': u'0.000', u'sql': u'SELECT "users"."id", "users"."password", "users"."last_login", "users"."email", "users"."full_name", "users"."is_active", "users"."is_verify", "users"."is_searchable", "users"."created", "users"."modified" FROM "users" WHERE "users"."id" = 3'}
2016-07-11 17:04:24,472 INFO {u'time': u'0.000', u'sql': u'SELECT (1) AS "a" FROM "comments" WHERE "comments"."post_id" = 39 LIMIT 1'}
2016-07-11 17:04:24,472 INFO {u'time': u'0.000', u'sql': u'SELECT "comments"."id", "comments"."c_text", "comments"."post_id", "comments"."user_id", "comments"."created", "comments"."modified" FROM "comments" WHERE "comments"."post_id" = 39 LIMIT 1'}
2016-07-11 17:04:24,472 INFO {u'time': u'0.000', u'sql': u'SELECT "users"."id", "users"."password", "users"."last_login", "users"."email", "users"."full_name", "users"."is_active", "users"."is_verify", "users"."is_searchable", "users"."created", "users"."modified" FROM "users" WHERE "users"."id" = 3'}
2016-07-11 17:04:24,472 INFO {u'time': u'0.000', u'sql': u'SELECT (1) AS "a" FROM "comments" WHERE "comments"."post_id" = 40 LIMIT 1'}
2016-07-11 17:04:24,472 INFO {u'time': u'0.000', u'sql': u'SELECT "comments"."id", "comments"."c_text", "comments"."post_id", "comments"."user_id", "comments"."created", "comments"."modified" FROM "comments" WHERE "comments"."post_id" = 40 LIMIT 1'}
2016-07-11 17:04:24,472 INFO {u'time': u'0.000', u'sql': u'SELECT "users"."id", "users"."password", "users"."last_login", "users"."email", "users"."full_name", "users"."is_active", "users"."is_verify", "users"."is_searchable", "users"."created", "users"."modified" FROM "users" WHERE "users"."id" = 3'}
2016-07-11 17:04:24,472 INFO {u'time': u'0.000', u'sql': u'SELECT (1) AS "a" FROM "comments" WHERE "comments"."post_id" = 41 LIMIT 1'}
2016-07-11 17:04:24,472 INFO {u'time': u'0.000', u'sql': u'SELECT "comments"."id", "comments"."c_text", "comments"."post_id", "comments"."user_id", "comments"."created", "comments"."modified" FROM "comments" WHERE "comments"."post_id" = 41 LIMIT 1'}
2016-07-11 17:04:24,472 INFO {u'time': u'0.000', u'sql': u'SELECT "users"."id", "users"."password", "users"."last_login", "users"."email", "users"."full_name", "users"."is_active", "users"."is_verify", "users"."is_searchable", "users"."created", "users"."modified" FROM "users" WHERE "users"."id" = 3'}
2016-07-11 17:04:24,472 INFO {u'time': u'0.000', u'sql': u'SELECT (1) AS "a" FROM "comments" WHERE "comments"."post_id" = 42 LIMIT 1'}
2016-07-11 17:04:24,472 INFO {u'time': u'0.000', u'sql': u'SELECT "comments"."id", "comments"."c_text", "comments"."post_id", "comments"."user_id", "comments"."created", "comments"."modified" FROM "comments" WHERE "comments"."post_id" = 42 LIMIT 1'}
2016-07-11 17:04:24,472 INFO {u'time': u'0.000', u'sql': u'SELECT "users"."id", "users"."password", "users"."last_login", "users"."email", "users"."full_name", "users"."is_active", "users"."is_verify", "users"."is_searchable", "users"."created", "users"."modified" FROM "users" WHERE "users"."id" = 3'}
2016-07-11 17:04:24,472 INFO {u'time': u'0.000', u'sql': u'SELECT (1) AS "a" FROM "comments" WHERE "comments"."post_id" = 43 LIMIT 1'}
2016-07-11 17:04:24,472 INFO {u'time': u'0.000', u'sql': u'SELECT "comments"."id", "comments"."c_text", "comments"."post_id", "comments"."user_id", "comments"."created", "comments"."modified" FROM "comments" WHERE "comments"."post_id" = 43 LIMIT 1'}
2016-07-11 17:04:24,472 INFO {u'time': u'0.000', u'sql': u'SELECT "users"."id", "users"."password", "users"."last_login", "users"."email", "users"."full_name", "users"."is_active", "users"."is_verify", "users"."is_searchable", "users"."created", "users"."modified" FROM "users" WHERE "users"."id" = 3'}
2016-07-11 17:04:24,472 INFO {u'time': u'0.000', u'sql': u'SELECT (1) AS "a" FROM "comments" WHERE "comments"."post_id" = 44 LIMIT 1'}
2016-07-11 17:04:24,473 INFO {u'time': u'0.000', u'sql': u'SELECT "comments"."id", "comments"."c_text", "comments"."post_id", "comments"."user_id", "comments"."created", "comments"."modified" FROM "comments" WHERE "comments"."post_id" = 44 LIMIT 1'}
2016-07-11 17:04:24,473 INFO {u'time': u'0.000', u'sql': u'SELECT "users"."id", "users"."password", "users"."last_login", "users"."email", "users"."full_name", "users"."is_active", "users"."is_verify", "users"."is_searchable", "users"."created", "users"."modified" FROM "users" WHERE "users"."id" = 3'}
2016-07-11 17:04:24,473 INFO {u'time': u'0.000', u'sql': u'SELECT (1) AS "a" FROM "comments" WHERE "comments"."post_id" = 45 LIMIT 1'}
2016-07-11 17:04:24,473 INFO {u'time': u'0.000', u'sql': u'SELECT "comments"."id", "comments"."c_text", "comments"."post_id", "comments"."user_id", "comments"."created", "comments"."modified" FROM "comments" WHERE "comments"."post_id" = 45 LIMIT 1'}
2016-07-11 17:04:24,473 INFO {u'time': u'0.000', u'sql': u'SELECT "users"."id", "users"."password", "users"."last_login", "users"."email", "users"."full_name", "users"."is_active", "users"."is_verify", "users"."is_searchable", "users"."created", "users"."modified" FROM "users" WHERE "users"."id" = 4'}
2016-07-11 17:04:24,473 INFO {u'time': u'0.000', u'sql': u'SELECT (1) AS "a" FROM "comments" WHERE "comments"."post_id" = 46 LIMIT 1'}
2016-07-11 17:04:24,473 INFO {u'time': u'0.000', u'sql': u'SELECT "comments"."id", "comments"."c_text", "comments"."post_id", "comments"."user_id", "comments"."created", "comments"."modified" FROM "comments" WHERE "comments"."post_id" = 46 LIMIT 1'}
2016-07-11 17:04:24,473 INFO {u'time': u'0.000', u'sql': u'SELECT "users"."id", "users"."password", "users"."last_login", "users"."email", "users"."full_name", "users"."is_active", "users"."is_verify", "users"."is_searchable", "users"."created", "users"."modified" FROM "users" WHERE "users"."id" = 4'}
2016-07-11 17:04:24,473 INFO {u'time': u'0.000', u'sql': u'SELECT (1) AS "a" FROM "comments" WHERE "comments"."post_id" = 47 LIMIT 1'}
2016-07-11 17:04:24,473 INFO {u'time': u'0.000', u'sql': u'SELECT "comments"."id", "comments"."c_text", "comments"."post_id", "comments"."user_id", "comments"."created", "comments"."modified" FROM "comments" WHERE "comments"."post_id" = 47 LIMIT 1'}
2016-07-11 17:04:24,473 INFO {u'time': u'0.000', u'sql': u'SELECT "users"."id", "users"."password", "users"."last_login", "users"."email", "users"."full_name", "users"."is_active", "users"."is_verify", "users"."is_searchable", "users"."created", "users"."modified" FROM "users" WHERE "users"."id" = 4'}
2016-07-11 17:04:24,473 INFO {u'time': u'0.000', u'sql': u'SELECT (1) AS "a" FROM "comments" WHERE "comments"."post_id" = 48 LIMIT 1'}
2016-07-11 17:04:24,473 INFO {u'time': u'0.000', u'sql': u'SELECT "comments"."id", "comments"."c_text", "comments"."post_id", "comments"."user_id", "comments"."created", "comments"."modified" FROM "comments" WHERE "comments"."post_id" = 48 LIMIT 1'}
2016-07-11 17:04:24,473 INFO {u'time': u'0.000', u'sql': u'SELECT "users"."id", "users"."password", "users"."last_login", "users"."email", "users"."full_name", "users"."is_active", "users"."is_verify", "users"."is_searchable", "users"."created", "users"."modified" FROM "users" WHERE "users"."id" = 4'}
2016-07-11 17:04:24,473 INFO {u'time': u'0.000', u'sql': u'SELECT (1) AS "a" FROM "comments" WHERE "comments"."post_id" = 49 LIMIT 1'}
2016-07-11 17:04:24,473 INFO {u'time': u'0.000', u'sql': u'SELECT "comments"."id", "comments"."c_text", "comments"."post_id", "comments"."user_id", "comments"."created", "comments"."modified" FROM "comments" WHERE "comments"."post_id" = 49 LIMIT 1'}
2016-07-11 17:04:24,473 INFO {u'time': u'0.000', u'sql': u'SELECT "users"."id", "users"."password", "users"."last_login", "users"."email", "users"."full_name", "users"."is_active", "users"."is_verify", "users"."is_searchable", "users"."created", "users"."modified" FROM "users" WHERE "users"."id" = 4'}
2016-07-11 17:04:24,473 INFO {u'time': u'0.000', u'sql': u'SELECT (1) AS "a" FROM "comments" WHERE "comments"."post_id" = 50 LIMIT 1'}
2016-07-11 17:04:24,473 INFO {u'time': u'0.000', u'sql': u'SELECT "comments"."id", "comments"."c_text", "comments"."post_id", "comments"."user_id", "comments"."created", "comments"."modified" FROM "comments" WHERE "comments"."post_id" = 50 LIMIT 1'}
2016-07-11 17:04:24,473 INFO {'count': 153, 'time': 0.008}
